0 info it worked if it ends with ok
1 verbose cli [ 'C:\\Program Files\\nodejs\\node.exe',
1 verbose cli   'C:\\Users\\DAY\\AppData\\Roaming\\npm\\node_modules\\npm\\bin\\npm-cli.js',
1 verbose cli   'run',
1 verbose cli   'lint' ]
2 info using npm@3.8.6
3 info using node@v6.10.0
4 verbose run-script [ 'prelint', 'lint', 'postlint' ]
5 info lifecycle shopping-cart@1.0.0~prelint: shopping-cart@1.0.0
6 silly lifecycle shopping-cart@1.0.0~prelint: no script for prelint, continuing
7 info lifecycle shopping-cart@1.0.0~lint: shopping-cart@1.0.0
8 verbose lifecycle shopping-cart@1.0.0~lint: unsafe-perm in lifecycle true
9 verbose lifecycle shopping-cart@1.0.0~lint: PATH: C:\Users\DAY\AppData\Roaming\npm\node_modules\npm\bin\node-gyp-bin;D:\Test\NetflixMock-ReactTableList-ReactTableLIst\node_modules\.bin;C:\Program Files\nodejs;C:\ProgramData\Oracle\Java\javapath;C:\Windows\system32;C:\Windows;C:\Windows\System32\Wbem;C:\Windows\System32\WindowsPowerShell\v1.0\;C:\Program Files\Intel\DMIX;er\bin\bower;C:\Program Files (x86)\QuickTime\QTSystem\;C:\Program Files\nodejs\;C:\Users\DAY\AppData\Local\.meteor\;C:\Users\DAY\AppData\Local\Programs\Git\cmd;C:\Users\DAY\AppData\Roaming\npm
10 verbose lifecycle shopping-cart@1.0.0~lint: CWD: D:\Test\NetflixMock-ReactTableList-ReactTableLIst
11 silly lifecycle shopping-cart@1.0.0~lint: Args: [ '/d /s /c', 'eslint ./src/ || true' ]
12 silly lifecycle shopping-cart@1.0.0~lint: Returned: code: 1  signal: null
13 info lifecycle shopping-cart@1.0.0~lint: Failed to exec lint script
14 verbose stack Error: shopping-cart@1.0.0 lint: `eslint ./src/ || true`
14 verbose stack Exit status 1
14 verbose stack     at EventEmitter.<anonymous> (C:\Users\DAY\AppData\Roaming\npm\node_modules\npm\lib\utils\lifecycle.js:239:16)
14 verbose stack     at emitTwo (events.js:106:13)
14 verbose stack     at EventEmitter.emit (events.js:191:7)
14 verbose stack     at ChildProcess.<anonymous> (C:\Users\DAY\AppData\Roaming\npm\node_modules\npm\lib\utils\spawn.js:24:14)
14 verbose stack     at emitTwo (events.js:106:13)
14 verbose stack     at ChildProcess.emit (events.js:191:7)
14 verbose stack     at maybeClose (internal/child_process.js:877:16)
14 verbose stack     at Process.ChildProcess._handle.onexit (internal/child_process.js:226:5)
15 verbose pkgid shopping-cart@1.0.0
16 verbose cwd D:\Test\NetflixMock-ReactTableList-ReactTableLIst
17 error Windows_NT 6.1.7601
18 error argv "C:\\Program Files\\nodejs\\node.exe" "C:\\Users\\DAY\\AppData\\Roaming\\npm\\node_modules\\npm\\bin\\npm-cli.js" "run" "lint"
19 error node v6.10.0
20 error npm  v3.8.6
21 error code ELIFECYCLE
22 error shopping-cart@1.0.0 lint: `eslint ./src/ || true`
22 error Exit status 1
23 error Failed at the shopping-cart@1.0.0 lint script 'eslint ./src/ || true'.
23 error Make sure you have the latest version of node.js and npm installed.
23 error If you do, this is most likely a problem with the shopping-cart package,
23 error not with npm itself.
23 error Tell the author that this fails on your system:
23 error     eslint ./src/ || true
23 error You can get information on how to open an issue for this project with:
23 error     npm bugs shopping-cart
23 error Or if that isn't available, you can get their info via:
23 error     npm owner ls shopping-cart
23 error There is likely additional logging output above.
24 verbose exit [ 1, true ]
